<?xml version="1.0" encoding="UTF-8"?>
<!-- Generated by org.testng.reporters.JUnitXMLReporter -->
<testsuite ignored="0" hostname="LAPTOP-D53S7NRA" failures="0" tests="4" name="Test" time="27.938" errors="0" timestamp="2023-07-13T19:16:58 CDT">
  <testcase classname="Testcases.homepagetest" name="@AfterMethod tearDown" time="0.0">
    <failure type="java.lang.NullPointerException" message="Cannot invoke &amp;quot;com.aventstack.extentreports.ExtentTest.log(com.aventstack.extentreports.Status, String)&amp;quot; because &amp;quot;this.test&amp;quot; is null">
      <![CDATA[java.lang.NullPointerException: Cannot invoke "com.aventstack.extentreports.ExtentTest.log(com.aventstack.extentreports.Status, String)" because "this.test" is null
at Testcases.homepagetest.tearDown(homepagetest.java:107)
at java.base/java.util.ArrayList.forEach(ArrayList.java:1511)
... Removed 32 stack frames]]>
    </failure>
  </testcase> <!-- @AfterMethod tearDown -->
  <testcase classname="Testcases.homepagetest" name="@BeforeMethod setup" time="0.0">
    <skipped/>
  </testcase> <!-- @BeforeMethod setup -->
  <testcase classname="Testcases.homepagetest" name="@AfterMethod tearDown" time="0.0">
    <skipped/>
  </testcase> <!-- @AfterMethod tearDown -->
  <testcase classname="Testcases.homepagetest" name="@BeforeMethod setup" time="0.0">
    <skipped/>
  </testcase> <!-- @BeforeMethod setup -->
  <testcase classname="Testcases.homepagetest" name="@AfterMethod tearDown" time="0.0">
    <skipped/>
  </testcase> <!-- @AfterMethod tearDown -->
  <testcase classname="Testcases.homepagetest" name="@BeforeMethod setup" time="0.0">
    <skipped/>
  </testcase> <!-- @BeforeMethod setup -->
  <testcase classname="Testcases.homepagetest" name="@AfterMethod tearDown" time="0.0">
    <skipped/>
  </testcase> <!-- @AfterMethod tearDown -->
  <testcase classname="Testcases.homepagetest" name="@AfterTest endReport" time="0.0">
    <skipped/>
  </testcase> <!-- @AfterTest endReport -->
  <testcase classname="Testcases.homepagetest" name="myaccountlabelverification" time="0.24"/>
  <testcase classname="Testcases.homepagetest" name="registerpagelabelverification" time="0.0">
    <skipped/>
  </testcase> <!-- registerpagelabelverification -->
  <testcase classname="Testcases.homepagetest" name="registerpagevalidation" time="0.0">
    <skipped/>
  </testcase> <!-- registerpagevalidation -->
  <testcase classname="Testcases.homepagetest" name="loginrpagevalidation" time="0.0">
    <skipped/>
  </testcase> <!-- loginrpagevalidation -->
</testsuite> <!-- Test -->
